

Microchip MPLAB XC8 Assembler V2.05 build -831301201 
                                                                                               Sat Apr 20 13:36:26 2019

Microchip MPLAB XC8 C Compiler v2.05 (Free license) build 20181220022703 Og1 
     1                           	processor	18F4550
     2                           	fnconf	rparam,??,?,0
     3                           	opt	pw 120
     4                           	opt	flic
     5                           	psect	cinit,global,reloc=2,class=CODE,delta=1
     6                           	psect	cstackCOMRAM,global,class=COMRAM,space=1,delta=1,noexec
     7                           	psect	text0,global,reloc=2,class=CODE,delta=1
     8                           	psect	text1,global,reloc=2,class=CODE,delta=1
     9                           	psect	intsave_regs,global,class=BIGRAM,space=1,delta=1,noexec
    10                           	psect	rparam,global,class=COMRAM,space=1,delta=1,noexec
    11  0000                     
    12                           ; Version 2.05
    13                           ; Generated 20/12/2018 GMT
    14                           ; 
    15                           ; Copyright © 2018, Microchip Technology Inc. and its subsidiaries ("Microchip")
    16                           ; All rights reserved.
    17                           ; 
    18                           ; This software is developed by Microchip Technology Inc. and its subsidiaries ("Microch
      +                          ip").
    19                           ; 
    20                           ; Redistribution and use in source and binary forms, with or without modification, are
    21                           ; permitted provided that the following conditions are met:
    22                           ; 
    23                           ;     1. Redistributions of source code must retain the above copyright notice, this lis
      +                          t of
    24                           ;        conditions and the following disclaimer.
    25                           ; 
    26                           ;     2. Redistributions in binary form must reproduce the above copyright notice, this 
      +                          list
    27                           ;        of conditions and the following disclaimer in the documentation and/or other
    28                           ;        materials provided with the distribution.
    29                           ; 
    30                           ;     3. Microchip's name may not be used to endorse or promote products derived from th
      +                          is
    31                           ;        software without specific prior written permission.
    32                           ; 
    33                           ; THIS SOFTWARE IS PROVIDED BY MICROCHIP "AS IS" AND ANY EXPRESS OR IMPLIED WARRANTIES,
    34                           ; INCLUDING, BUT NOT LIMITED TO, THE IMPLIED WARRANTIES OF MERCHANTABILITY AND FITNESS F
      +                          OR
    35                           ; PURPOSE ARE DISCLAIMED.  IN NO EVENT SHALL MICROCHIP BE LIABLE FOR ANY DIRECT, INDIREC
      +                          T,
    36                           ; INCIDENTAL, SPECIAL, EXEMPLARY, OR CONSEQUENTIAL DAMAGES (INCLUDING BUT NOT LIMITED TO
    37                           ; PROCUREMENT OF SUBSTITUTE GOODS OR SERVICES; LOSS OF USE, DATA OR PROFITS; OR BUSINESS
    38                           ; INTERRUPTION) HOWSOEVER CAUSED AND ON ANY THEORY OF LIABILITY, WHETHER IN CONTRACT, ST
      +                          RICT
    39                           ; LIABILITY, OR TORT (INCLUDING NEGLIGENCE OR OTHERWISE) ARISING IN ANY WAY OUT OF THE U
      +                          SE OF
    40                           ; THIS SOFTWARE, EVEN IF ADVISED OF THE POSSIBILITY OF SUCH DAMAGE.
    41                           ; 
    42                           ; 
    43                           ; Code-generator required, PIC18F4550 Definitions
    44                           ; 
    45                           ; SFR Addresses
    46  0000                     _LATEbits	set	3981
    47  0000                     _TRISEbits	set	3990
    48  0000                     _OSCCON	set	4051
    49                           
    50                           ; #config settings
    51  0000                     
    52                           	psect	cinit
    53  007FA4                     __pcinit:
    54                           	opt callstack 0
    55  007FA4                     start_initialization:
    56                           	opt callstack 0
    57  007FA4                     __initialization:
    58                           	opt callstack 0
    59  007FA4                     end_of_initialization:
    60                           	opt callstack 0
    61  007FA4                     __end_of__initialization:
    62                           	opt callstack 0
    63  007FA4  0100               	movlb	0
    64  007FA6  EFD9  F03F         	goto	_main	;jump to C main() function
    65                           
    66                           	psect	cstackCOMRAM
    67  000001                     __pcstackCOMRAM:
    68                           	opt callstack 0
    69  000001                     ??_main:
    70                           
    71                           ; 1 bytes @ 0x0
    72  000001                     	ds	2
    73                           
    74 ;;
    75 ;;Main: autosize = 0, tempsize = 2, incstack = 0, save=0
    76 ;;
    77 ;; *************** function _main *****************
    78 ;; Defined at:
    79 ;;		line 23 in file "main.c"
    80 ;; Parameters:    Size  Location     Type
    81 ;;		None
    82 ;; Auto vars:     Size  Location     Type
    83 ;;		None
    84 ;; Return value:  Size  Location     Type
    85 ;;                  1    wreg      void 
    86 ;; Registers used:
    87 ;;		wreg, status,2, cstack
    88 ;; Tracked objects:
    89 ;;		On entry : 0/0
    90 ;;		On exit  : 0/0
    91 ;;		Unchanged: 0/0
    92 ;; Data sizes:     COMRAM   BANK0   BANK1   BANK2   BANK3   BANK4   BANK5   BANK6   BANK7
    93 ;;      Params:         0       0       0       0       0       0       0       0       0
    94 ;;      Locals:         0       0       0       0       0       0       0       0       0
    95 ;;      Temps:          2       0       0       0       0       0       0       0       0
    96 ;;      Totals:         2       0       0       0       0       0       0       0       0
    97 ;;Total ram usage:        2 bytes
    98 ;; Hardware stack levels required when called:    1
    99 ;; This function calls:
   100 ;;		_setup
   101 ;; This function is called by:
   102 ;;		Startup code after reset
   103 ;; This function uses a non-reentrant model
   104 ;;
   105                           
   106                           	psect	text0
   107  007FB2                     __ptext0:
   108                           	opt callstack 0
   109  007FB2                     _main:
   110                           	opt callstack 30
   111                           
   112                           ;main.c: 25:     setup();
   113                           
   114                           ;incstack = 0
   115  007FB2  ECD5  F03F         	call	_setup	;wreg free
   116                           
   117                           ;main.c: 27:     LATEbits.LATE1 = 1;
   118  007FB6  828D               	bsf	3981,1,c	;volatile
   119                           
   120                           ;main.c: 28:     _delay((unsigned long)((2000)*(24000000/4000.0)));
   121  007FB8  0E3D               	movlw	61
   122  007FBA  6E02               	movwf	(??_main+1)& (0+255),c
   123  007FBC  0EE1               	movlw	225
   124  007FBE  6E01               	movwf	??_main& (0+255),c
   125  007FC0  0E40               	movlw	64
   126  007FC2                     u17:
   127  007FC2  2EE8               	decfsz	wreg,f,c
   128  007FC4  D7FE               	bra	u17
   129  007FC6  2E01               	decfsz	??_main& (0+255),f,c
   130  007FC8  D7FC               	bra	u17
   131  007FCA  2E02               	decfsz	(??_main+1)& (0+255),f,c
   132  007FCC  D7FA               	bra	u17
   133  007FCE                     l705:
   134                           
   135                           ;main.c: 29:     LATEbits.LATE1 = 0;
   136  007FCE  928D               	bcf	3981,1,c	;volatile
   137                           
   138                           ;main.c: 30:     _delay((unsigned long)((500)*(24000000/4000.0)));
   139  007FD0  0E10               	movlw	16
   140  007FD2  6E02               	movwf	(??_main+1)& (0+255),c
   141  007FD4  0E39               	movlw	57
   142  007FD6  6E01               	movwf	??_main& (0+255),c
   143  007FD8  0E0E               	movlw	14
   144  007FDA                     u27:
   145  007FDA  2EE8               	decfsz	wreg,f,c
   146  007FDC  D7FE               	bra	u27
   147  007FDE  2E01               	decfsz	??_main& (0+255),f,c
   148  007FE0  D7FC               	bra	u27
   149  007FE2  2E02               	decfsz	(??_main+1)& (0+255),f,c
   150  007FE4  D7FA               	bra	u27
   151                           
   152                           ;main.c: 33:     {;main.c: 34:         LATEbits.LATE1 = 1;
   153  007FE6  828D               	bsf	3981,1,c	;volatile
   154                           
   155                           ;main.c: 35:         _delay((unsigned long)((250)*(24000000/4000.0)));
   156  007FE8  0E08               	movlw	8
   157  007FEA  6E02               	movwf	(??_main+1)& (0+255),c
   158  007FEC  0E9D               	movlw	157
   159  007FEE  6E01               	movwf	??_main& (0+255),c
   160  007FF0  0E06               	movlw	6
   161  007FF2                     u37:
   162  007FF2  2EE8               	decfsz	wreg,f,c
   163  007FF4  D7FE               	bra	u37
   164  007FF6  2E01               	decfsz	??_main& (0+255),f,c
   165  007FF8  D7FC               	bra	u37
   166  007FFA  2E02               	decfsz	(??_main+1)& (0+255),f,c
   167  007FFC  D7FA               	bra	u37
   168  007FFE  D7E7               	goto	l705
   169  008000                     __end_of_main:
   170                           	opt callstack 0
   171                           
   172 ;; *************** function _setup *****************
   173 ;; Defined at:
   174 ;;		line 16 in file "main.c"
   175 ;; Parameters:    Size  Location     Type
   176 ;;		None
   177 ;; Auto vars:     Size  Location     Type
   178 ;;		None
   179 ;; Return value:  Size  Location     Type
   180 ;;                  1    wreg      void 
   181 ;; Registers used:
   182 ;;		wreg, status,2
   183 ;; Tracked objects:
   184 ;;		On entry : 0/0
   185 ;;		On exit  : 0/0
   186 ;;		Unchanged: 0/0
   187 ;; Data sizes:     COMRAM   BANK0   BANK1   BANK2   BANK3   BANK4   BANK5   BANK6   BANK7
   188 ;;      Params:         0       0       0       0       0       0       0       0       0
   189 ;;      Locals:         0       0       0       0       0       0       0       0       0
   190 ;;      Temps:          0       0       0       0       0       0       0       0       0
   191 ;;      Totals:         0       0       0       0       0       0       0       0       0
   192 ;;Total ram usage:        0 bytes
   193 ;; Hardware stack levels used:    1
   194 ;; This function calls:
   195 ;;		Nothing
   196 ;; This function is called by:
   197 ;;		_main
   198 ;; This function uses a non-reentrant model
   199 ;;
   200                           
   201                           	psect	text1
   202  007FAA                     __ptext1:
   203                           	opt callstack 0
   204  007FAA                     _setup:
   205                           	opt callstack 30
   206                           
   207                           ;main.c: 18:     OSCCON=0x70;
   208                           
   209                           ;incstack = 0
   210  007FAA  0E70               	movlw	112
   211  007FAC  6ED3               	movwf	4051,c	;volatile
   212                           
   213                           ;main.c: 19:     TRISEbits.RE1=0;
   214  007FAE  9296               	bcf	3990,1,c	;volatile
   215  007FB0  0012               	return		;funcret
   216  007FB2                     __end_of_setup:
   217                           	opt callstack 0
   218  0000                     
   219                           	psect	rparam
   220  0000                     tosu	equ	0xFFF
   221                           tosh	equ	0xFFE
   222                           tosl	equ	0xFFD
   223                           stkptr	equ	0xFFC
   224                           pclatu	equ	0xFFB
   225                           pclath	equ	0xFFA
   226                           pcl	equ	0xFF9
   227                           tblptru	equ	0xFF8
   228                           tblptrh	equ	0xFF7
   229                           tblptrl	equ	0xFF6
   230                           tablat	equ	0xFF5
   231                           prodh	equ	0xFF4
   232                           prodl	equ	0xFF3
   233                           indf0	equ	0xFEF
   234                           postinc0	equ	0xFEE
   235                           postdec0	equ	0xFED
   236                           preinc0	equ	0xFEC
   237                           plusw0	equ	0xFEB
   238                           fsr0h	equ	0xFEA
   239                           fsr0l	equ	0xFE9
   240                           wreg	equ	0xFE8
   241                           indf1	equ	0xFE7
   242                           postinc1	equ	0xFE6
   243                           postdec1	equ	0xFE5
   244                           preinc1	equ	0xFE4
   245                           plusw1	equ	0xFE3
   246                           fsr1h	equ	0xFE2
   247                           fsr1l	equ	0xFE1
   248                           bsr	equ	0xFE0
   249                           indf2	equ	0xFDF
   250                           postinc2	equ	0xFDE
   251                           postdec2	equ	0xFDD
   252                           preinc2	equ	0xFDC
   253                           plusw2	equ	0xFDB
   254                           fsr2h	equ	0xFDA
   255                           fsr2l	equ	0xFD9
   256                           status	equ	0xFD8


Data Sizes:
    Strings     0
    Constant    0
    Data        0
    BSS         0
    Persistent  0
    Stack       0

Auto Spaces:
    Space          Size  Autos    Used
    COMRAM           95      2       2
    BANK0           160      0       0
    BANK1           256      0       0
    BANK2           256      0       0
    BANK3           256      0       0
    BANK4           256      0       0
    BANK5           256      0       0
    BANK6           256      0       0
    BANK7           256      0       0

Pointer List with Targets:

    None.

Critical Paths under _main in COMRAM

    None.

Critical Paths under _main in BANK0

    None.

Critical Paths under _main in BANK1

    None.

Critical Paths under _main in BANK2

    None.

Critical Paths under _main in BANK3

    None.

Critical Paths under _main in BANK4

    None.

Critical Paths under _main in BANK5

    None.

Critical Paths under _main in BANK6

    None.

Critical Paths under _main in BANK7

    None.

Call Graph Tables:

 ---------------------------------------------------------------------------------
 (Depth) Function   	        Calls       Base Space   Used Autos Params    Refs
 ---------------------------------------------------------------------------------
 (0) _main                                                 2     2      0       0
                                              0 COMRAM     2     2      0
                              _setup
 ---------------------------------------------------------------------------------
 (1) _setup                                                0     0      0       0
 ---------------------------------------------------------------------------------
 Estimated maximum stack depth 1
 ---------------------------------------------------------------------------------

 Call Graph Graphs:

 _main (ROOT)
   _setup

 Address spaces:
Name               Size   Autos  Total    Cost      Usage
BITCOMRAM           5F      0       0       0        0.0%
EEDATA             100      0       0       0        0.0%
NULL                 0      0       0       0        0.0%
CODE                 0      0       0       0        0.0%
COMRAM              5F      2       2       1        2.1%
STACK                0      0       0       2        0.0%
DATA                 0      0       0       3        0.0%
BITBANK0            A0      0       0       4        0.0%
BANK0               A0      0       0       5        0.0%
BITBANK1           100      0       0       6        0.0%
BANK1              100      0       0       7        0.0%
BITBANK2           100      0       0       8        0.0%
BANK2              100      0       0       9        0.0%
BITBANK3           100      0       0      10        0.0%
BANK3              100      0       0      11        0.0%
BITBANK4           100      0       0      12        0.0%
BANK4              100      0       0      13        0.0%
BITBANK5           100      0       0      14        0.0%
BANK5              100      0       0      15        0.0%
BITBANK6           100      0       0      16        0.0%
BANK6              100      0       0      17        0.0%
BITBANK7           100      0       0      18        0.0%
BANK7              100      0       0      19        0.0%
ABS                  0      0       0      20        0.0%
BIGRAM             7FF      0       0      21        0.0%
BITSFR               0      0       0     200        0.0%
SFR                  0      0       0     200        0.0%


Microchip Technology PIC18 Macro Assembler V2.05 build -831301201 
Symbol Table                                                                                   Sat Apr 20 13:36:26 2019

                     u17 7FC2                       u27 7FDA                       u37 7FF2  
            __CFG_BOR$ON 000000              __CFG_BORV$3 000000             __CFG_CP0$OFF 000000  
           __CFG_CP1$OFF 000000             __CFG_CP2$OFF 000000             __CFG_CP3$OFF 000000  
                    l705 7FCE             __CFG_CPB$OFF 000000             __CFG_CPD$OFF 000000  
                    wreg 000FE8             __CFG_LVP$OFF 000000             __CFG_WDT$OFF 000000  
                   _main 7FB2                     start 0000            __CFG_IESO$OFF 000000  
          __CFG_MCLRE$ON 000000             ___param_bank 000000            __CFG_PLLDIV$5 000000  
         __CFG_CCP2MX$ON 000000                    ?_main 0001            __CFG_USBDIV$1 000000  
          __CFG_PWRT$OFF 000000            __CFG_WRT0$OFF 000000            __CFG_WRT1$OFF 000000  
          __CFG_WRT2$OFF 000000            __CFG_WRT3$OFF 000000           __CFG_EBTR0$OFF 000000  
         __CFG_FCMEN$OFF 000000           __CFG_EBTR1$OFF 000000           __CFG_EBTR2$OFF 000000  
         __CFG_EBTR3$OFF 000000            __CFG_WRTB$OFF 000000            __CFG_WRTC$OFF 000000  
          __CFG_WRTD$OFF 000000           __CFG_EBTRB$OFF 000000                    _setup 7FAA  
         __CFG_ICPRT$OFF 000000          __initialization 7FA4             __end_of_main 8000  
                 ??_main 0001            __activetblptr 000000                   ?_setup 0001  
                 _OSCCON 000FD3           __CFG_XINST$OFF 000000           __CFG_STVREN$ON 000000  
             __accesstop 0060  __end_of__initialization 7FA4          __CFG_PBADEN$OFF 000000  
          ___rparam_used 000001           __pcstackCOMRAM 0001            __end_of_setup 7FB2  
                ??_setup 0001          __CFG_VREGEN$OFF 000000                  __Hparam 0000  
                __Lparam 0000                  __pcinit 7FA4                  __ramtop 0800  
                __ptext0 7FB2                  __ptext1 7FAA     end_of_initialization 7FA4  
              _TRISEbits 000F96      start_initialization 7FA4         __CFG_LPT1OSC$OFF 000000  
         __size_of_setup 0008                 _LATEbits 000F8D         __CFG_WDTPS$32768 000000  
               __Hrparam 0000                 __Lrparam 0000            __size_of_main 004E  
  __CFG_CPUDIV$OSC3_PLL4 000000       __CFG_FOSC$HSPLL_HS 000000  
